<?xml version="1.0" encoding="UTF-8"?>
<!-- Generated by org.testng.reporters.JUnitXMLReporter -->
<testsuite hostname="AGATI-D015" ignored="0" name="Test" tests="8" failures="6" timestamp="2021-01-22T14:23:08 IST" time="34.073" errors="0">
  <testcase name="loginTest" time="10.528" classname="com.tb.qa.testcases.LoginPageTest"/>
  <testcase name="listPageTest" time="10.892" classname="com.tb.qa.testcases.ProjectListPageTest"/>
  <testcase name="CancelAppConfigCreatePage" time="0.001" classname="com.tb.qa.testcases.AppConfigurationPageTest">
    <failure type="java.lang.NullPointerException">
      <![CDATA[java.lang.NullPointerException
at com.tb.qa.testcases.AppConfigurationPageTest.CancelAppConfigCreatePage(AppConfigurationPageTest.java:21)
at java.util.ArrayList.forEach(Unknown Source)
... Removed 27 stack frames]]>
    </failure>
  </testcase> <!-- CancelAppConfigCreatePage -->
  <testcase name="create_AppConfig_TermName" time="0.002" classname="com.tb.qa.testcases.AppConfigurationPageTest">
    <failure type="java.lang.NullPointerException">
      <![CDATA[java.lang.NullPointerException
at com.tb.qa.testcases.AppConfigurationPageTest.create_AppConfig_TermName(AppConfigurationPageTest.java:26)
at java.util.ArrayList.forEach(Unknown Source)
... Removed 27 stack frames]]>
    </failure>
  </testcase> <!-- create_AppConfig_TermName -->
  <testcase name="create_AppConfig_TermCode" time="0.004" classname="com.tb.qa.testcases.AppConfigurationPageTest">
    <failure type="java.lang.NullPointerException">
      <![CDATA[java.lang.NullPointerException
at com.tb.qa.testcases.AppConfigurationPageTest.create_AppConfig_TermCode(AppConfigurationPageTest.java:31)
at java.util.ArrayList.forEach(Unknown Source)
... Removed 27 stack frames]]>
    </failure>
  </testcase> <!-- create_AppConfig_TermCode -->
  <testcase name="create_AppConfig_ShortValue" time="0.001" classname="com.tb.qa.testcases.AppConfigurationPageTest">
    <failure type="java.lang.NullPointerException">
      <![CDATA[java.lang.NullPointerException
at com.tb.qa.testcases.AppConfigurationPageTest.create_AppConfig_ShortValue(AppConfigurationPageTest.java:36)
at java.util.ArrayList.forEach(Unknown Source)
... Removed 27 stack frames]]>
    </failure>
  </testcase> <!-- create_AppConfig_ShortValue -->
  <testcase name="create_AppConfig_LongValue" time="0.007" classname="com.tb.qa.testcases.AppConfigurationPageTest">
    <failure type="java.lang.NullPointerException">
      <![CDATA[java.lang.NullPointerException
at com.tb.qa.testcases.AppConfigurationPageTest.create_AppConfig_LongValue(AppConfigurationPageTest.java:41)
at java.util.ArrayList.forEach(Unknown Source)
... Removed 27 stack frames]]>
    </failure>
  </testcase> <!-- create_AppConfig_LongValue -->
  <testcase name="clear_AppConfig_CreateValues" time="0.004" classname="com.tb.qa.testcases.AppConfigurationPageTest">
    <failure type="java.lang.NullPointerException">
      <![CDATA[java.lang.NullPointerException
at com.tb.qa.testcases.AppConfigurationPageTest.clear_AppConfig_CreateValues(AppConfigurationPageTest.java:46)
at java.util.ArrayList.forEach(Unknown Source)
... Removed 27 stack frames]]>
    </failure>
  </testcase> <!-- clear_AppConfig_CreateValues -->
</testsuite> <!-- Test -->
